<?xml version="1.0" encoding="utf-8" standalone="no"?>
<testsuites xmlns:xsi="http://www.w3.org/2001/XMLSchema-instance" xsi:noNamespaceSchemaLocation="junit_schema_4.xsd" name="Pester" tests="11" errors="3" failures="11" disabled="0" time="1.010">
  <testsuite name="R:\Development\NinjaOne\Tests\NinjaOne.Core.Tests.ps1" tests="11" errors="0" failures="11" hostname="DEEPTHOUGHT" id="0" skipped="0" disabled="0" package="R:\Development\NinjaOne\Tests\NinjaOne.Core.Tests.ps1" time="0.894">
    <properties>
      <property name="user" value="MichaelO'Toole" />
      <property name="clr-version" value="8.0.1" />
      <property name="framework-version" value="5.5.0" />
      <property name="platform" value="Microsoft Windows 11 Pro|C:\Windows|\Device\Harddisk6\Partition3" />
      <property name="junit-version" value="4" />
      <property name="os-version" value="10.0.22631" />
      <property name="cwd" value="R:\Development\NinjaOne" />
      <property name="user-domain" value="AzureAD" />
      <property name="machine-name" value="DEEPTHOUGHT" />
    </properties>
    <testcase name="build - Core Tests.Manifest is valid" status="Failed" classname="R:\Development\NinjaOne\Tests\NinjaOne.Core.Tests.ps1" assertions="0" time="0.000">
      <failure message="This test should run but it did not. Most likely a setup in some parent block failed."></failure>
    </testcase>
    <testcase name="build - Core Tests.Root module is correct" status="Failed" classname="R:\Development\NinjaOne\Tests\NinjaOne.Core.Tests.ps1" assertions="0" time="0.000">
      <failure message="This test should run but it did not. Most likely a setup in some parent block failed."></failure>
    </testcase>
    <testcase name="build - Core Tests.Has a description" status="Failed" classname="R:\Development\NinjaOne\Tests\NinjaOne.Core.Tests.ps1" assertions="0" time="0.000">
      <failure message="This test should run but it did not. Most likely a setup in some parent block failed."></failure>
    </testcase>
    <testcase name="build - Core Tests.GUID is correct" status="Failed" classname="R:\Development\NinjaOne\Tests\NinjaOne.Core.Tests.ps1" assertions="0" time="0.000">
      <failure message="This test should run but it did not. Most likely a setup in some parent block failed."></failure>
    </testcase>
    <testcase name="build - Core Tests.Version is valid" status="Failed" classname="R:\Development\NinjaOne\Tests\NinjaOne.Core.Tests.ps1" assertions="0" time="0.000">
      <failure message="This test should run but it did not. Most likely a setup in some parent block failed."></failure>
    </testcase>
    <testcase name="build - Core Tests.Copyright is present" status="Failed" classname="R:\Development\NinjaOne\Tests\NinjaOne.Core.Tests.ps1" assertions="0" time="0.000">
      <failure message="This test should run but it did not. Most likely a setup in some parent block failed."></failure>
    </testcase>
    <testcase name="build - Core Tests.License URI is correct" status="Failed" classname="R:\Development\NinjaOne\Tests\NinjaOne.Core.Tests.ps1" assertions="0" time="0.000">
      <failure message="This test should run but it did not. Most likely a setup in some parent block failed."></failure>
    </testcase>
    <testcase name="build - Core Tests.Project URI is correct" status="Failed" classname="R:\Development\NinjaOne\Tests\NinjaOne.Core.Tests.ps1" assertions="0" time="0.000">
      <failure message="This test should run but it did not. Most likely a setup in some parent block failed."></failure>
    </testcase>
    <testcase name="build - Core Tests.PowerShell Gallery tags is not empty" status="Failed" classname="R:\Development\NinjaOne\Tests\NinjaOne.Core.Tests.ps1" assertions="0" time="0.000">
      <failure message="This test should run but it did not. Most likely a setup in some parent block failed."></failure>
    </testcase>
    <testcase name="build - Core Tests.PowerShell Gallery tags do not contain spaces" status="Failed" classname="R:\Development\NinjaOne\Tests\NinjaOne.Core.Tests.ps1" assertions="0" time="0.000">
      <failure message="This test should run but it did not. Most likely a setup in some parent block failed."></failure>
    </testcase>
    <testcase name="build - Module Load Test.Passed Module load" status="Failed" classname="R:\Development\NinjaOne\Tests\NinjaOne.Core.Tests.ps1" assertions="0" time="0.000">
      <failure message="This test should run but it did not. Most likely a setup in some parent block failed."></failure>
    </testcase>
  </testsuite>
</testsuites>